[INFO] [2017-08-15 22:39:23][org.springframework.context.support.ClassPathXmlApplicationContext]Refreshing org.springframework.context.support.ClassPathXmlApplicationContext@16692a88: startup date [Tue Aug 15 22:39:23 CST 2017]; root of context hierarchy
  [INFO] [2017-08-15 22:39:23][org.springframework.beans.factory.xml.XmlBeanDefinitionReader]Loading XML bean definitions from class path resource [spring-mybatis.xml]
  [WARN] [2017-08-15 22:39:23][org.mybatis.spring.mapper.ClassPathMapperScanner]No MyBatis mapper was found in '[com.hua.saf.*]' package. Please check your configuration.
  [INFO] [2017-08-15 22:39:23][org.springframework.beans.factory.config.PropertyPlaceholderConfigurer]Loading properties file from class path resource [jdbc.properties]
  [INFO] [2017-08-15 22:39:23][org.springframework.beans.factory.annotation.AutowiredAnnotationBeanPostProcessor]JSR-330 'javax.inject.Inject' annotation found and supported for autowiring
  [INFO] [2017-08-15 22:40:26][org.springframework.context.support.ClassPathXmlApplicationContext]Refreshing org.springframework.context.support.ClassPathXmlApplicationContext@55cdaad2: startup date [Tue Aug 15 22:40:26 CST 2017]; root of context hierarchy
  [INFO] [2017-08-15 22:40:26][org.springframework.beans.factory.xml.XmlBeanDefinitionReader]Loading XML bean definitions from class path resource [spring-mybatis.xml]
  [WARN] [2017-08-15 22:40:27][org.mybatis.spring.mapper.ClassPathMapperScanner]No MyBatis mapper was found in '[com.hua.saf.*]' package. Please check your configuration.
  [INFO] [2017-08-15 22:40:27][org.springframework.beans.factory.config.PropertyPlaceholderConfigurer]Loading properties file from class path resource [jdbc.properties]
  [INFO] [2017-08-15 22:40:27][org.springframework.beans.factory.annotation.AutowiredAnnotationBeanPostProcessor]JSR-330 'javax.inject.Inject' annotation found and supported for autowiring
  [INFO] [2017-08-15 22:41:59][org.springframework.context.support.ClassPathXmlApplicationContext]Refreshing org.springframework.context.support.ClassPathXmlApplicationContext@55cdaad2: startup date [Tue Aug 15 22:41:59 CST 2017]; root of context hierarchy
  [INFO] [2017-08-15 22:41:59][org.springframework.beans.factory.xml.XmlBeanDefinitionReader]Loading XML bean definitions from class path resource [spring-mybatis.xml]
  [WARN] [2017-08-15 22:41:59][org.mybatis.spring.mapper.ClassPathMapperScanner]No MyBatis mapper was found in '[com.zls.dao.*]' package. Please check your configuration.
  [INFO] [2017-08-15 22:41:59][org.springframework.beans.factory.config.PropertyPlaceholderConfigurer]Loading properties file from class path resource [jdbc.properties]
  [INFO] [2017-08-15 22:41:59][org.springframework.beans.factory.annotation.AutowiredAnnotationBeanPostProcessor]JSR-330 'javax.inject.Inject' annotation found and supported for autowiring
  [INFO] [2017-08-15 22:43:23][org.springframework.context.support.ClassPathXmlApplicationContext]Refreshing org.springframework.context.support.ClassPathXmlApplicationContext@15ce859d: startup date [Tue Aug 15 22:43:23 CST 2017]; root of context hierarchy
  [INFO] [2017-08-15 22:43:23][org.springframework.beans.factory.xml.XmlBeanDefinitionReader]Loading XML bean definitions from class path resource [spring-mybatis.xml]
  [INFO] [2017-08-15 22:43:24][org.springframework.beans.factory.config.PropertyPlaceholderConfigurer]Loading properties file from class path resource [jdbc.properties]
  [INFO] [2017-08-15 22:43:24][org.springframework.beans.factory.annotation.AutowiredAnnotationBeanPostProcessor]JSR-330 'javax.inject.Inject' annotation found and supported for autowiring
  [INFO] [2017-08-15 22:43:24][com.zls.test.TestMyBatis]{"age":24,"id":1,"password":"sfasgfaf"}
  [INFO] [2017-08-15 23:16:24][org.springframework.context.support.ClassPathXmlApplicationContext]Refreshing org.springframework.context.support.ClassPathXmlApplicationContext@16692a88: startup date [Tue Aug 15 23:16:24 CST 2017]; root of context hierarchy
  [INFO] [2017-08-15 23:16:24][org.springframework.beans.factory.xml.XmlBeanDefinitionReader]Loading XML bean definitions from class path resource [spring-mybatis.xml]
  [INFO] [2017-08-15 23:16:24][org.springframework.beans.factory.config.PropertyPlaceholderConfigurer]Loading properties file from class path resource [jdbc.properties]
  [INFO] [2017-08-15 23:16:24][org.springframework.beans.factory.annotation.AutowiredAnnotationBeanPostProcessor]JSR-330 'javax.inject.Inject' annotation found and supported for autowiring
  [INFO] [2017-08-15 23:16:25][com.zls.test.TestMyBatis]{"age":24,"id":1,"password":"sfasgfaf"}
  [INFO] [2017-08-15 23:17:52][org.springframework.context.support.ClassPathXmlApplicationContext]Refreshing org.springframework.context.support.ClassPathXmlApplicationContext@16692a88: startup date [Tue Aug 15 23:17:52 CST 2017]; root of context hierarchy
  [INFO] [2017-08-15 23:17:52][org.springframework.beans.factory.xml.XmlBeanDefinitionReader]Loading XML bean definitions from class path resource [spring-mybatis.xml]
  [INFO] [2017-08-15 23:17:52][org.springframework.beans.factory.config.PropertyPlaceholderConfigurer]Loading properties file from class path resource [jdbc.properties]
  [INFO] [2017-08-15 23:17:52][org.springframework.beans.factory.annotation.AutowiredAnnotationBeanPostProcessor]JSR-330 'javax.inject.Inject' annotation found and supported for autowiring
  [INFO] [2017-08-15 23:17:53][com.zls.test.TestMyBatis]{"age":24,"id":1,"password":"sfasgfaf"}
  [INFO] [2017-08-15 23:19:36][org.springframework.context.support.ClassPathXmlApplicationContext]Refreshing org.springframework.context.support.ClassPathXmlApplicationContext@16692a88: startup date [Tue Aug 15 23:19:36 CST 2017]; root of context hierarchy
  [INFO] [2017-08-15 23:19:36][org.springframework.beans.factory.xml.XmlBeanDefinitionReader]Loading XML bean definitions from class path resource [spring-mybatis.xml]
  [INFO] [2017-08-15 23:19:36][org.springframework.beans.factory.config.PropertyPlaceholderConfigurer]Loading properties file from class path resource [jdbc.properties]
  [INFO] [2017-08-15 23:19:36][org.springframework.beans.factory.annotation.AutowiredAnnotationBeanPostProcessor]JSR-330 'javax.inject.Inject' annotation found and supported for autowiring
  [INFO] [2017-08-15 23:19:37][com.zls.test.TestMyBatis]{"age":24,"id":1,"password":"sfasgfaf"}
  [INFO] [2017-08-15 23:19:50][org.springframework.context.support.ClassPathXmlApplicationContext]Refreshing org.springframework.context.support.ClassPathXmlApplicationContext@16692a88: startup date [Tue Aug 15 23:19:50 CST 2017]; root of context hierarchy
  [INFO] [2017-08-15 23:19:50][org.springframework.beans.factory.xml.XmlBeanDefinitionReader]Loading XML bean definitions from class path resource [spring-mybatis.xml]
  [INFO] [2017-08-15 23:19:51][org.springframework.beans.factory.config.PropertyPlaceholderConfigurer]Loading properties file from class path resource [jdbc.properties]
  [INFO] [2017-08-15 23:19:51][org.springframework.beans.factory.annotation.AutowiredAnnotationBeanPostProcessor]JSR-330 'javax.inject.Inject' annotation found and supported for autowiring
  [INFO] [2017-08-15 23:19:51][com.zls.test.TestMyBatis]{"age":24,"id":1,"password":"sfasgfaf"}
  [INFO] [2017-08-15 23:20:12][org.springframework.context.support.ClassPathXmlApplicationContext]Refreshing org.springframework.context.support.ClassPathXmlApplicationContext@29ed3da1: startup date [Tue Aug 15 23:20:12 CST 2017]; root of context hierarchy
  [INFO] [2017-08-15 23:20:12][org.springframework.beans.factory.xml.XmlBeanDefinitionReader]Loading XML bean definitions from class path resource [spring-mybatis.xml]
  [INFO] [2017-08-15 23:20:12][org.springframework.beans.factory.config.PropertyPlaceholderConfigurer]Loading properties file from class path resource [jdbc.properties]
  [INFO] [2017-08-15 23:20:12][org.springframework.beans.factory.annotation.AutowiredAnnotationBeanPostProcessor]JSR-330 'javax.inject.Inject' annotation found and supported for autowiring
  [INFO] [2017-08-15 23:20:12][com.zls.test.TestMyBatis]{"age":24,"id":1,"password":"sfasgfaf"}
  [INFO] [2017-08-15 23:21:55][org.springframework.context.support.ClassPathXmlApplicationContext]Refreshing org.springframework.context.support.ClassPathXmlApplicationContext@16692a88: startup date [Tue Aug 15 23:21:55 CST 2017]; root of context hierarchy
  [INFO] [2017-08-15 23:21:55][org.springframework.beans.factory.xml.XmlBeanDefinitionReader]Loading XML bean definitions from class path resource [spring-mybatis.xml]
  [INFO] [2017-08-15 23:21:55][org.springframework.beans.factory.config.PropertyPlaceholderConfigurer]Loading properties file from class path resource [jdbc.properties]
  [INFO] [2017-08-15 23:21:55][org.springframework.beans.factory.annotation.AutowiredAnnotationBeanPostProcessor]JSR-330 'javax.inject.Inject' annotation found and supported for autowiring
  [INFO] [2017-08-15 23:21:56][com.zls.test.TestMyBatis]{"age":24,"id":1,"password":"sfasgfaf"}
  [INFO] [2017-08-15 23:22:01][org.springframework.context.support.ClassPathXmlApplicationContext]Refreshing org.springframework.context.support.ClassPathXmlApplicationContext@6ba26eb1: startup date [Tue Aug 15 23:22:01 CST 2017]; root of context hierarchy
  [INFO] [2017-08-15 23:22:01][org.springframework.beans.factory.xml.XmlBeanDefinitionReader]Loading XML bean definitions from class path resource [spring-mybatis.xml]
  [INFO] [2017-08-15 23:22:02][org.springframework.beans.factory.config.PropertyPlaceholderConfigurer]Loading properties file from class path resource [jdbc.properties]
  [INFO] [2017-08-15 23:22:02][org.springframework.beans.factory.annotation.AutowiredAnnotationBeanPostProcessor]JSR-330 'javax.inject.Inject' annotation found and supported for autowiring
  [INFO] [2017-08-15 23:22:02][com.zls.test.TestMyBatis]{"age":24,"id":1,"password":"sfasgfaf"}
  [INFO] [2017-08-15 23:22:40][org.springframework.context.support.ClassPathXmlApplicationContext]Refreshing org.springframework.context.support.ClassPathXmlApplicationContext@29a6119a: startup date [Tue Aug 15 23:22:40 CST 2017]; root of context hierarchy
  [INFO] [2017-08-15 23:22:40][org.springframework.beans.factory.xml.XmlBeanDefinitionReader]Loading XML bean definitions from class path resource [spring-mybatis.xml]
  [INFO] [2017-08-15 23:22:40][org.springframework.beans.factory.config.PropertyPlaceholderConfigurer]Loading properties file from class path resource [jdbc.properties]
  [INFO] [2017-08-15 23:22:40][org.springframework.beans.factory.annotation.AutowiredAnnotationBeanPostProcessor]JSR-330 'javax.inject.Inject' annotation found and supported for autowiring
  [INFO] [2017-08-15 23:22:41][com.zls.test.TestMyBatis]{"age":25,"id":2,"password":"123"}
  [INFO] [2017-08-15 23:23:20][org.springframework.context.support.ClassPathXmlApplicationContext]Refreshing org.springframework.context.support.ClassPathXmlApplicationContext@16692a88: startup date [Tue Aug 15 23:23:20 CST 2017]; root of context hierarchy
  [INFO] [2017-08-15 23:23:20][org.springframework.beans.factory.xml.XmlBeanDefinitionReader]Loading XML bean definitions from class path resource [spring-mybatis.xml]
  [INFO] [2017-08-15 23:23:21][org.springframework.beans.factory.config.PropertyPlaceholderConfigurer]Loading properties file from class path resource [jdbc.properties]
  [INFO] [2017-08-15 23:23:21][org.springframework.beans.factory.annotation.AutowiredAnnotationBeanPostProcessor]JSR-330 'javax.inject.Inject' annotation found and supported for autowiring
  [INFO] [2017-08-15 23:23:21][com.zls.test.TestMyBatis]{"age":25,"id":2,"password":"123"}
  [INFO] [2017-08-15 23:23:28][org.springframework.context.support.ClassPathXmlApplicationContext]Refreshing org.springframework.context.support.ClassPathXmlApplicationContext@16692a88: startup date [Tue Aug 15 23:23:28 CST 2017]; root of context hierarchy
  [INFO] [2017-08-15 23:23:28][org.springframework.beans.factory.xml.XmlBeanDefinitionReader]Loading XML bean definitions from class path resource [spring-mybatis.xml]
  [INFO] [2017-08-15 23:23:28][org.springframework.beans.factory.config.PropertyPlaceholderConfigurer]Loading properties file from class path resource [jdbc.properties]
  [INFO] [2017-08-15 23:23:28][org.springframework.beans.factory.annotation.AutowiredAnnotationBeanPostProcessor]JSR-330 'javax.inject.Inject' annotation found and supported for autowiring
  [INFO] [2017-08-15 23:23:29][com.zls.test.TestMyBatis]{"age":25,"id":2,"password":"123"}
  [INFO] [2017-08-15 23:23:54][org.springframework.context.support.ClassPathXmlApplicationContext]Refreshing org.springframework.context.support.ClassPathXmlApplicationContext@29ed3da1: startup date [Tue Aug 15 23:23:54 CST 2017]; root of context hierarchy
  [INFO] [2017-08-15 23:23:54][org.springframework.beans.factory.xml.XmlBeanDefinitionReader]Loading XML bean definitions from class path resource [spring-mybatis.xml]
  [INFO] [2017-08-15 23:23:54][org.springframework.beans.factory.config.PropertyPlaceholderConfigurer]Loading properties file from class path resource [jdbc.properties]
  [INFO] [2017-08-15 23:23:54][org.springframework.beans.factory.annotation.AutowiredAnnotationBeanPostProcessor]JSR-330 'javax.inject.Inject' annotation found and supported for autowiring
  [INFO] [2017-08-15 23:23:55][com.zls.test.TestMyBatis]{"age":24,"id":1,"password":"sfasgfaf"}
  [INFO] [2017-08-15 23:26:13][org.springframework.context.support.ClassPathXmlApplicationContext]Refreshing org.springframework.context.support.ClassPathXmlApplicationContext@16692a88: startup date [Tue Aug 15 23:26:13 CST 2017]; root of context hierarchy
  [INFO] [2017-08-15 23:26:13][org.springframework.beans.factory.xml.XmlBeanDefinitionReader]Loading XML bean definitions from class path resource [spring-mybatis.xml]
  [INFO] [2017-08-15 23:26:13][org.springframework.beans.factory.config.PropertyPlaceholderConfigurer]Loading properties file from class path resource [jdbc.properties]
  [INFO] [2017-08-15 23:26:13][org.springframework.beans.factory.annotation.AutowiredAnnotationBeanPostProcessor]JSR-330 'javax.inject.Inject' annotation found and supported for autowiring
  [INFO] [2017-08-15 23:26:14][com.zls.test.TestMyBatis]{"age":25,"id":2,"password":"123"}
  [INFO] [2017-08-19 21:52:05][org.springframework.context.support.ClassPathXmlApplicationContext]Refreshing org.springframework.context.support.ClassPathXmlApplicationContext@29ed3da1: startup date [Sat Aug 19 21:52:05 CST 2017]; root of context hierarchy
  [INFO] [2017-08-19 21:52:05][org.springframework.beans.factory.xml.XmlBeanDefinitionReader]Loading XML bean definitions from class path resource [spring-mybatis.xml]
  [INFO] [2017-08-19 21:52:06][org.springframework.beans.factory.config.PropertyPlaceholderConfigurer]Loading properties file from class path resource [jdbc.properties]
  [INFO] [2017-08-19 21:52:06][org.springframework.beans.factory.annotation.AutowiredAnnotationBeanPostProcessor]JSR-330 'javax.inject.Inject' annotation found and supported for autowiring
  [INFO] [2017-08-19 21:52:06][com.zls.test.TestMyBatis]{"age":25,"id":2,"password":"123"}
  